[35m[1mScanning dependencies of target _piper_msgs_generate_messages_check_deps_GoZero[0m
[  0%] Built target _piper_msgs_generate_messages_check_deps_GoZero
[35m[1mScanning dependencies of target std_msgs_generate_messages_cpp[0m
[  0%] Built target std_msgs_generate_messages_cpp
[35m[1mScanning dependencies of target _piper_msgs_generate_messages_check_deps_PiperStatusMsg[0m
[  0%] Built target _piper_msgs_generate_messages_check_deps_PiperStatusMsg
[35m[1mScanning dependencies of target _piper_msgs_generate_messages_check_deps_Enable[0m
[  0%] Built target _piper_msgs_generate_messages_check_deps_Enable
[35m[1mScanning dependencies of target actionlib_msgs_generate_messages_cpp[0m
[35m[1mScanning dependencies of target _piper_msgs_generate_messages_check_deps_PiperEulerPose[0m
[  0%] Built target actionlib_msgs_generate_messages_cpp
[35m[1mScanning dependencies of target _piper_msgs_generate_messages_check_deps_Gripper[0m
[35m[1mScanning dependencies of target _piper_msgs_generate_messages_check_deps_PosCmd[0m
[  0%] Built target _piper_msgs_generate_messages_check_deps_PiperEulerPose
[  0%] Built target _piper_msgs_generate_messages_check_deps_Gripper
[35m[1mScanning dependencies of target std_msgs_generate_messages_py[0m
[35m[1mScanning dependencies of target actionlib_msgs_generate_messages_py[0m
[  0%] Built target std_msgs_generate_messages_py
[  0%] Built target actionlib_msgs_generate_messages_py
[35m[1mScanning dependencies of target std_msgs_generate_messages_nodejs[0m
[35m[1mScanning dependencies of target actionlib_msgs_generate_messages_nodejs[0m
[  0%] Built target _piper_msgs_generate_messages_check_deps_PosCmd
[  0%] Built target std_msgs_generate_messages_nodejs
[35m[1mScanning dependencies of target actionlib_msgs_generate_messages_lisp[0m
[  0%] Built target actionlib_msgs_generate_messages_nodejs
[35m[1mScanning dependencies of target std_msgs_generate_messages_lisp[0m
[  0%] Built target actionlib_msgs_generate_messages_lisp
[35m[1mScanning dependencies of target std_msgs_generate_messages_eus[0m
[  0%] Built target std_msgs_generate_messages_lisp
[  0%] Built target std_msgs_generate_messages_eus
[35m[1mScanning dependencies of target actionlib_msgs_generate_messages_eus[0m
[35m[1mScanning dependencies of target piper_msgs_generate_messages_cpp[0m
[35m[1mScanning dependencies of target piper_msgs_generate_messages_py[0m
[  0%] Built target actionlib_msgs_generate_messages_eus
[  3%] [34m[1mGenerating Python from MSG piper_msgs/PiperStatusMsg[0m
[  6%] [34m[1mGenerating C++ code from piper_msgs/PiperStatusMsg.msg[0m
[  9%] [34m[1mGenerating Python from MSG piper_msgs/PosCmd[0m
[ 12%] [34m[1mGenerating C++ code from piper_msgs/PosCmd.msg[0m
[ 15%] [34m[1mGenerating C++ code from piper_msgs/PiperEulerPose.msg[0m
[ 18%] [34m[1mGenerating C++ code from piper_msgs/Enable.srv[0m
[ 21%] [34m[1mGenerating Python from MSG piper_msgs/PiperEulerPose[0m
[ 24%] [34m[1mGenerating Python code from SRV piper_msgs/Enable[0m
[ 27%] [34m[1mGenerating C++ code from piper_msgs/Gripper.srv[0m
[ 30%] [34m[1mGenerating C++ code from piper_msgs/GoZero.srv[0m
[ 33%] [34m[1mGenerating Python code from SRV piper_msgs/Gripper[0m
[ 36%] [34m[1mGenerating Python code from SRV piper_msgs/GoZero[0m
[ 36%] Built target piper_msgs_generate_messages_cpp
[35m[1mScanning dependencies of target piper_msgs_generate_messages_nodejs[0m
[ 39%] [34m[1mGenerating Javascript code from piper_msgs/PiperStatusMsg.msg[0m
[ 42%] [34m[1mGenerating Javascript code from piper_msgs/PosCmd.msg[0m
[ 45%] [34m[1mGenerating Javascript code from piper_msgs/PiperEulerPose.msg[0m
[ 48%] [34m[1mGenerating Javascript code from piper_msgs/Enable.srv[0m
[ 51%] [34m[1mGenerating Javascript code from piper_msgs/Gripper.srv[0m
[ 54%] [34m[1mGenerating Python msg __init__.py for piper_msgs[0m
[ 57%] [34m[1mGenerating Javascript code from piper_msgs/GoZero.srv[0m
[ 60%] [34m[1mGenerating Python srv __init__.py for piper_msgs[0m
[ 60%] Built target piper_msgs_generate_messages_nodejs
[35m[1mScanning dependencies of target piper_msgs_generate_messages_lisp[0m
[ 63%] [34m[1mGenerating Lisp code from piper_msgs/PiperStatusMsg.msg[0m
[35m[1mScanning dependencies of target piper_msgs_generate_messages_eus[0m
[ 66%] [34m[1mGenerating EusLisp code from piper_msgs/PiperStatusMsg.msg[0m
[ 69%] [34m[1mGenerating Lisp code from piper_msgs/PosCmd.msg[0m
[ 72%] [34m[1mGenerating Lisp code from piper_msgs/PiperEulerPose.msg[0m
[ 72%] Built target piper_msgs_generate_messages_py
[ 75%] [34m[1mGenerating Lisp code from piper_msgs/Enable.srv[0m
[ 78%] [34m[1mGenerating EusLisp code from piper_msgs/PosCmd.msg[0m
[ 81%] [34m[1mGenerating EusLisp code from piper_msgs/PiperEulerPose.msg[0m
[ 84%] [34m[1mGenerating EusLisp code from piper_msgs/Enable.srv[0m
[ 87%] [34m[1mGenerating Lisp code from piper_msgs/Gripper.srv[0m
[ 90%] [34m[1mGenerating Lisp code from piper_msgs/GoZero.srv[0m
[ 93%] [34m[1mGenerating EusLisp code from piper_msgs/Gripper.srv[0m
[ 96%] [34m[1mGenerating EusLisp code from piper_msgs/GoZero.srv[0m
[100%] [34m[1mGenerating EusLisp manifest code for piper_msgs[0m
[100%] Built target piper_msgs_generate_messages_lisp
[100%] Built target piper_msgs_generate_messages_eus
[35m[1mScanning dependencies of target piper_msgs_generate_messages[0m
[100%] Built target piper_msgs_generate_messages
