Not searching for unused variables given on the command line.
[36m--[0m Using CATKIN_DEVEL_PREFIX: /home/agilex/MobileManipulator/devel/.private/task_mgr
[36m--[0m Using CMAKE_PREFIX_PATH: /home/agilex/MobileManipulator/devel;/opt/ros/noetic
[36m--[0m This workspace overlays: /home/agilex/MobileManipulator/devel;/opt/ros/noetic
[36m--[0m Found PythonInterp: /home/agilex/miniconda3/bin/python3 (found suitable version "3.13.2", minimum required is "3")
[36m--[0m Using PYTHON_EXECUTABLE: /home/agilex/miniconda3/bin/python3
[36m--[0m Using Debian Python package layout
[36m--[0m Found PY_em: /home/agilex/miniconda3/lib/python3.13/site-packages/em.py
[36m--[0m Using empy: /home/agilex/miniconda3/lib/python3.13/site-packages/em.py
[36m--[0m Using CATKIN_ENABLE_TESTING: ON
[36m--[0m Call enable_testing()
[36m--[0m Using CATKIN_TEST_RESULTS_DIR: /home/agilex/MobileManipulator/build/task_mgr/test_results
[36m--[0m Using Python nosetests: /usr/bin/nosetests3
[36m--[0m catkin 0.8.12
[36m--[0m BUILD_SHARED_LIBS is on
[36m--[0m Using these message generators: gencpp;geneus;genlisp;gennodejs;genpy
[36m--[0m task_mgr: 1 messages, 0 services
[36m--[0m Configuring done
[36m--[0m Generating done
[36m--[0m Build files have been written to: /home/agilex/MobileManipulator/build/task_mgr
