[35m[1mScanning dependencies of target sensor_msgs_generate_messages_eus[0m
[  0%] Built target sensor_msgs_generate_messages_eus
[35m[1mScanning dependencies of target _moveit_ctrl_generate_messages_check_deps_JointMoveitCtrl[0m
[35m[1mScanning dependencies of target sensor_msgs_generate_messages_py[0m
[  0%] Built target sensor_msgs_generate_messages_py
[  0%] Built target _moveit_ctrl_generate_messages_check_deps_JointMoveitCtrl
[35m[1mScanning dependencies of target sensor_msgs_generate_messages_nodejs[0m
[35m[1mScanning dependencies of target sensor_msgs_generate_messages_lisp[0m
[  0%] Built target sensor_msgs_generate_messages_nodejs
[  0%] Built target sensor_msgs_generate_messages_lisp
[35m[1mScanning dependencies of target moveit_ctrl_generate_messages_eus[0m
[35m[1mScanning dependencies of target sensor_msgs_generate_messages_cpp[0m
[ 14%] [34m[1mGenerating EusLisp code from moveit_ctrl/JointMoveitCtrl.srv[0m
[ 14%] Built target sensor_msgs_generate_messages_cpp
[35m[1mScanning dependencies of target moveit_ctrl_generate_messages_py[0m
[ 28%] [34m[1mGenerating Python code from SRV moveit_ctrl/JointMoveitCtrl[0m
[ 42%] [34m[1mGenerating EusLisp manifest code for moveit_ctrl[0m
[ 57%] [34m[1mGenerating Python srv __init__.py for moveit_ctrl[0m
[ 57%] Built target moveit_ctrl_generate_messages_py
[35m[1mScanning dependencies of target moveit_ctrl_generate_messages_nodejs[0m
[ 71%] [34m[1mGenerating Javascript code from moveit_ctrl/JointMoveitCtrl.srv[0m
[ 71%] Built target moveit_ctrl_generate_messages_nodejs
[35m[1mScanning dependencies of target moveit_ctrl_generate_messages_lisp[0m
[ 85%] [34m[1mGenerating Lisp code from moveit_ctrl/JointMoveitCtrl.srv[0m
[ 85%] Built target moveit_ctrl_generate_messages_lisp
[35m[1mScanning dependencies of target moveit_ctrl_generate_messages_cpp[0m
[100%] [34m[1mGenerating C++ code from moveit_ctrl/JointMoveitCtrl.srv[0m
[100%] Built target moveit_ctrl_generate_messages_eus
[100%] Built target moveit_ctrl_generate_messages_cpp
[35m[1mScanning dependencies of target moveit_ctrl_generate_messages[0m
[100%] Built target moveit_ctrl_generate_messages
