Symlinking /home/agilex/MobileManipulator/devel/share/arm_planner/cmake/arm_planner-msg-extras.cmake
Symlinking /home/agilex/MobileManipulator/devel/share/arm_planner/cmake/arm_plannerConfig-version.cmake
Symlinking /home/agilex/MobileManipulator/devel/share/arm_planner/cmake/arm_plannerConfig.cmake
Symlinking /home/agilex/MobileManipulator/devel/share/arm_planner/cmake/arm_planner-msg-paths.cmake
Symlinking /home/agilex/MobileManipulator/devel/share/common-lisp/ros/arm_planner/srv/JointMoveitCtrl.lisp
Symlinking /home/agilex/MobileManipulator/devel/share/common-lisp/ros/arm_planner/srv/_package_JointMoveitCtrl.lisp
Symlinking /home/agilex/MobileManipulator/devel/share/common-lisp/ros/arm_planner/srv/_package.lisp
Symlinking /home/agilex/MobileManipulator/devel/share/common-lisp/ros/arm_planner/srv/_package_GoZero.lisp
Symlinking /home/agilex/MobileManipulator/devel/share/common-lisp/ros/arm_planner/srv/GoZero.lisp
Symlinking /home/agilex/MobileManipulator/devel/share/common-lisp/ros/arm_planner/srv/_package_Enable.lisp
Symlinking /home/agilex/MobileManipulator/devel/share/common-lisp/ros/arm_planner/srv/_package_Gripper.lisp
Symlinking /home/agilex/MobileManipulator/devel/share/common-lisp/ros/arm_planner/srv/Enable.lisp
Symlinking /home/agilex/MobileManipulator/devel/share/common-lisp/ros/arm_planner/srv/Gripper.lisp
Symlinking /home/agilex/MobileManipulator/devel/share/common-lisp/ros/arm_planner/srv/arm_planner-srv.asd
Symlinking /home/agilex/MobileManipulator/devel/share/common-lisp/ros/arm_planner/msg/arm_planner-msg.asd
Symlinking /home/agilex/MobileManipulator/devel/share/common-lisp/ros/arm_planner/msg/_package.lisp
Symlinking /home/agilex/MobileManipulator/devel/share/common-lisp/ros/arm_planner/msg/PosCmd.lisp
Symlinking /home/agilex/MobileManipulator/devel/share/common-lisp/ros/arm_planner/msg/_package_PosCmd.lisp
Symlinking /home/agilex/MobileManipulator/devel/share/common-lisp/ros/arm_planner/msg/_package_PiperEulerPose.lisp
Symlinking /home/agilex/MobileManipulator/devel/share/common-lisp/ros/arm_planner/msg/_package_PiperStatusMsg.lisp
Symlinking /home/agilex/MobileManipulator/devel/share/common-lisp/ros/arm_planner/msg/PiperStatusMsg.lisp
Symlinking /home/agilex/MobileManipulator/devel/share/common-lisp/ros/arm_planner/msg/PiperEulerPose.lisp
Symlinking /home/agilex/MobileManipulator/devel/share/gennodejs/ros/arm_planner/_index.js
Symlinking /home/agilex/MobileManipulator/devel/share/gennodejs/ros/arm_planner/srv/GoZero.js
Symlinking /home/agilex/MobileManipulator/devel/share/gennodejs/ros/arm_planner/srv/Gripper.js
Symlinking /home/agilex/MobileManipulator/devel/share/gennodejs/ros/arm_planner/srv/JointMoveitCtrl.js
Symlinking /home/agilex/MobileManipulator/devel/share/gennodejs/ros/arm_planner/srv/_index.js
Symlinking /home/agilex/MobileManipulator/devel/share/gennodejs/ros/arm_planner/srv/Enable.js
Symlinking /home/agilex/MobileManipulator/devel/share/gennodejs/ros/arm_planner/msg/PiperStatusMsg.js
Symlinking /home/agilex/MobileManipulator/devel/share/gennodejs/ros/arm_planner/msg/PiperEulerPose.js
Symlinking /home/agilex/MobileManipulator/devel/share/gennodejs/ros/arm_planner/msg/_index.js
Symlinking /home/agilex/MobileManipulator/devel/share/gennodejs/ros/arm_planner/msg/PosCmd.js
Symlinking /home/agilex/MobileManipulator/devel/share/roseus/ros/arm_planner/manifest.l
Symlinking /home/agilex/MobileManipulator/devel/share/roseus/ros/arm_planner/srv/JointMoveitCtrl.l
Symlinking /home/agilex/MobileManipulator/devel/share/roseus/ros/arm_planner/srv/Gripper.l
Symlinking /home/agilex/MobileManipulator/devel/share/roseus/ros/arm_planner/srv/GoZero.l
Symlinking /home/agilex/MobileManipulator/devel/share/roseus/ros/arm_planner/srv/Enable.l
Symlinking /home/agilex/MobileManipulator/devel/share/roseus/ros/arm_planner/msg/PiperEulerPose.l
Symlinking /home/agilex/MobileManipulator/devel/share/roseus/ros/arm_planner/msg/PiperStatusMsg.l
Symlinking /home/agilex/MobileManipulator/devel/share/roseus/ros/arm_planner/msg/PosCmd.l
Symlinking /home/agilex/MobileManipulator/devel/lib/python3/dist-packages/arm_planner/__init__.py
Symlinking /home/agilex/MobileManipulator/devel/lib/python3/dist-packages/arm_planner/srv/_JointMoveitCtrl.py
Symlinking /home/agilex/MobileManipulator/devel/lib/python3/dist-packages/arm_planner/srv/__init__.py
Symlinking /home/agilex/MobileManipulator/devel/lib/python3/dist-packages/arm_planner/srv/_Enable.py
Symlinking /home/agilex/MobileManipulator/devel/lib/python3/dist-packages/arm_planner/srv/_Gripper.py
Symlinking /home/agilex/MobileManipulator/devel/lib/python3/dist-packages/arm_planner/srv/_GoZero.py
Symlinking /home/agilex/MobileManipulator/devel/lib/python3/dist-packages/arm_planner/msg/_PiperEulerPose.py
Symlinking /home/agilex/MobileManipulator/devel/lib/python3/dist-packages/arm_planner/msg/__init__.py
Symlinking /home/agilex/MobileManipulator/devel/lib/python3/dist-packages/arm_planner/msg/_PosCmd.py
Symlinking /home/agilex/MobileManipulator/devel/lib/python3/dist-packages/arm_planner/msg/_PiperStatusMsg.py
Symlinking /home/agilex/MobileManipulator/devel/lib/arm_planner/launch_status_info.py
Symlinking /home/agilex/MobileManipulator/devel/lib/arm_planner/follow_joint_trajectory_server.py
Symlinking /home/agilex/MobileManipulator/devel/lib/arm_planner/joint_moveit_ctrl_server.py
Symlinking /home/agilex/MobileManipulator/devel/lib/pkgconfig/arm_planner.pc
Symlinking /home/agilex/MobileManipulator/devel/include/arm_planner/PosCmd.h
Symlinking /home/agilex/MobileManipulator/devel/include/arm_planner/EnableRequest.h
Symlinking /home/agilex/MobileManipulator/devel/include/arm_planner/GoZeroRequest.h
Symlinking /home/agilex/MobileManipulator/devel/include/arm_planner/EnableResponse.h
Symlinking /home/agilex/MobileManipulator/devel/include/arm_planner/PiperEulerPose.h
Symlinking /home/agilex/MobileManipulator/devel/include/arm_planner/GoZero.h
Symlinking /home/agilex/MobileManipulator/devel/include/arm_planner/JointMoveitCtrlRequest.h
Symlinking /home/agilex/MobileManipulator/devel/include/arm_planner/JointMoveitCtrl.h
Symlinking /home/agilex/MobileManipulator/devel/include/arm_planner/Gripper.h
Symlinking /home/agilex/MobileManipulator/devel/include/arm_planner/GripperRequest.h
Symlinking /home/agilex/MobileManipulator/devel/include/arm_planner/GoZeroResponse.h
Symlinking /home/agilex/MobileManipulator/devel/include/arm_planner/JointMoveitCtrlResponse.h
Symlinking /home/agilex/MobileManipulator/devel/include/arm_planner/PiperStatusMsg.h
Symlinking /home/agilex/MobileManipulator/devel/include/arm_planner/Enable.h
Symlinking /home/agilex/MobileManipulator/devel/include/arm_planner/GripperResponse.h
