Linked: (/home/agilex/MobileManipulator/devel/.private/arm_planner/share/arm_planner/cmake/arm_planner-msg-extras.cmake, /home/agilex/MobileManipulator/devel/share/arm_planner/cmake/arm_planner-msg-extras.cmake)
Linked: (/home/agilex/MobileManipulator/devel/.private/arm_planner/share/arm_planner/cmake/arm_plannerConfig-version.cmake, /home/agilex/MobileManipulator/devel/share/arm_planner/cmake/arm_plannerConfig-version.cmake)
Linked: (/home/agilex/MobileManipulator/devel/.private/arm_planner/share/arm_planner/cmake/arm_plannerConfig.cmake, /home/agilex/MobileManipulator/devel/share/arm_planner/cmake/arm_plannerConfig.cmake)
Linked: (/home/agilex/MobileManipulator/devel/.private/arm_planner/share/arm_planner/cmake/arm_planner-msg-paths.cmake, /home/agilex/MobileManipulator/devel/share/arm_planner/cmake/arm_planner-msg-paths.cmake)
Linked: (/home/agilex/MobileManipulator/devel/.private/arm_planner/share/common-lisp/ros/arm_planner/srv/JointMoveitCtrl.lisp, /home/agilex/MobileManipulator/devel/share/common-lisp/ros/arm_planner/srv/JointMoveitCtrl.lisp)
Linked: (/home/agilex/MobileManipulator/devel/.private/arm_planner/share/common-lisp/ros/arm_planner/srv/_package_JointMoveitCtrl.lisp, /home/agilex/MobileManipulator/devel/share/common-lisp/ros/arm_planner/srv/_package_JointMoveitCtrl.lisp)
Linked: (/home/agilex/MobileManipulator/devel/.private/arm_planner/share/common-lisp/ros/arm_planner/srv/_package.lisp, /home/agilex/MobileManipulator/devel/share/common-lisp/ros/arm_planner/srv/_package.lisp)
Linked: (/home/agilex/MobileManipulator/devel/.private/arm_planner/share/common-lisp/ros/arm_planner/srv/_package_GoZero.lisp, /home/agilex/MobileManipulator/devel/share/common-lisp/ros/arm_planner/srv/_package_GoZero.lisp)
Linked: (/home/agilex/MobileManipulator/devel/.private/arm_planner/share/common-lisp/ros/arm_planner/srv/GoZero.lisp, /home/agilex/MobileManipulator/devel/share/common-lisp/ros/arm_planner/srv/GoZero.lisp)
Linked: (/home/agilex/MobileManipulator/devel/.private/arm_planner/share/common-lisp/ros/arm_planner/srv/_package_Enable.lisp, /home/agilex/MobileManipulator/devel/share/common-lisp/ros/arm_planner/srv/_package_Enable.lisp)
Linked: (/home/agilex/MobileManipulator/devel/.private/arm_planner/share/common-lisp/ros/arm_planner/srv/_package_Gripper.lisp, /home/agilex/MobileManipulator/devel/share/common-lisp/ros/arm_planner/srv/_package_Gripper.lisp)
Linked: (/home/agilex/MobileManipulator/devel/.private/arm_planner/share/common-lisp/ros/arm_planner/srv/Enable.lisp, /home/agilex/MobileManipulator/devel/share/common-lisp/ros/arm_planner/srv/Enable.lisp)
Linked: (/home/agilex/MobileManipulator/devel/.private/arm_planner/share/common-lisp/ros/arm_planner/srv/Gripper.lisp, /home/agilex/MobileManipulator/devel/share/common-lisp/ros/arm_planner/srv/Gripper.lisp)
Linked: (/home/agilex/MobileManipulator/devel/.private/arm_planner/share/common-lisp/ros/arm_planner/srv/arm_planner-srv.asd, /home/agilex/MobileManipulator/devel/share/common-lisp/ros/arm_planner/srv/arm_planner-srv.asd)
Linked: (/home/agilex/MobileManipulator/devel/.private/arm_planner/share/common-lisp/ros/arm_planner/msg/arm_planner-msg.asd, /home/agilex/MobileManipulator/devel/share/common-lisp/ros/arm_planner/msg/arm_planner-msg.asd)
Linked: (/home/agilex/MobileManipulator/devel/.private/arm_planner/share/common-lisp/ros/arm_planner/msg/_package.lisp, /home/agilex/MobileManipulator/devel/share/common-lisp/ros/arm_planner/msg/_package.lisp)
Linked: (/home/agilex/MobileManipulator/devel/.private/arm_planner/share/common-lisp/ros/arm_planner/msg/PosCmd.lisp, /home/agilex/MobileManipulator/devel/share/common-lisp/ros/arm_planner/msg/PosCmd.lisp)
Linked: (/home/agilex/MobileManipulator/devel/.private/arm_planner/share/common-lisp/ros/arm_planner/msg/_package_PosCmd.lisp, /home/agilex/MobileManipulator/devel/share/common-lisp/ros/arm_planner/msg/_package_PosCmd.lisp)
Linked: (/home/agilex/MobileManipulator/devel/.private/arm_planner/share/common-lisp/ros/arm_planner/msg/_package_PiperEulerPose.lisp, /home/agilex/MobileManipulator/devel/share/common-lisp/ros/arm_planner/msg/_package_PiperEulerPose.lisp)
Linked: (/home/agilex/MobileManipulator/devel/.private/arm_planner/share/common-lisp/ros/arm_planner/msg/_package_PiperStatusMsg.lisp, /home/agilex/MobileManipulator/devel/share/common-lisp/ros/arm_planner/msg/_package_PiperStatusMsg.lisp)
Linked: (/home/agilex/MobileManipulator/devel/.private/arm_planner/share/common-lisp/ros/arm_planner/msg/PiperStatusMsg.lisp, /home/agilex/MobileManipulator/devel/share/common-lisp/ros/arm_planner/msg/PiperStatusMsg.lisp)
Linked: (/home/agilex/MobileManipulator/devel/.private/arm_planner/share/common-lisp/ros/arm_planner/msg/PiperEulerPose.lisp, /home/agilex/MobileManipulator/devel/share/common-lisp/ros/arm_planner/msg/PiperEulerPose.lisp)
Linked: (/home/agilex/MobileManipulator/devel/.private/arm_planner/share/gennodejs/ros/arm_planner/_index.js, /home/agilex/MobileManipulator/devel/share/gennodejs/ros/arm_planner/_index.js)
Linked: (/home/agilex/MobileManipulator/devel/.private/arm_planner/share/gennodejs/ros/arm_planner/srv/GoZero.js, /home/agilex/MobileManipulator/devel/share/gennodejs/ros/arm_planner/srv/GoZero.js)
Linked: (/home/agilex/MobileManipulator/devel/.private/arm_planner/share/gennodejs/ros/arm_planner/srv/Gripper.js, /home/agilex/MobileManipulator/devel/share/gennodejs/ros/arm_planner/srv/Gripper.js)
Linked: (/home/agilex/MobileManipulator/devel/.private/arm_planner/share/gennodejs/ros/arm_planner/srv/JointMoveitCtrl.js, /home/agilex/MobileManipulator/devel/share/gennodejs/ros/arm_planner/srv/JointMoveitCtrl.js)
Linked: (/home/agilex/MobileManipulator/devel/.private/arm_planner/share/gennodejs/ros/arm_planner/srv/_index.js, /home/agilex/MobileManipulator/devel/share/gennodejs/ros/arm_planner/srv/_index.js)
Linked: (/home/agilex/MobileManipulator/devel/.private/arm_planner/share/gennodejs/ros/arm_planner/srv/Enable.js, /home/agilex/MobileManipulator/devel/share/gennodejs/ros/arm_planner/srv/Enable.js)
Linked: (/home/agilex/MobileManipulator/devel/.private/arm_planner/share/gennodejs/ros/arm_planner/msg/PiperStatusMsg.js, /home/agilex/MobileManipulator/devel/share/gennodejs/ros/arm_planner/msg/PiperStatusMsg.js)
Linked: (/home/agilex/MobileManipulator/devel/.private/arm_planner/share/gennodejs/ros/arm_planner/msg/PiperEulerPose.js, /home/agilex/MobileManipulator/devel/share/gennodejs/ros/arm_planner/msg/PiperEulerPose.js)
Linked: (/home/agilex/MobileManipulator/devel/.private/arm_planner/share/gennodejs/ros/arm_planner/msg/_index.js, /home/agilex/MobileManipulator/devel/share/gennodejs/ros/arm_planner/msg/_index.js)
Linked: (/home/agilex/MobileManipulator/devel/.private/arm_planner/share/gennodejs/ros/arm_planner/msg/PosCmd.js, /home/agilex/MobileManipulator/devel/share/gennodejs/ros/arm_planner/msg/PosCmd.js)
Linked: (/home/agilex/MobileManipulator/devel/.private/arm_planner/share/roseus/ros/arm_planner/manifest.l, /home/agilex/MobileManipulator/devel/share/roseus/ros/arm_planner/manifest.l)
Linked: (/home/agilex/MobileManipulator/devel/.private/arm_planner/share/roseus/ros/arm_planner/srv/JointMoveitCtrl.l, /home/agilex/MobileManipulator/devel/share/roseus/ros/arm_planner/srv/JointMoveitCtrl.l)
Linked: (/home/agilex/MobileManipulator/devel/.private/arm_planner/share/roseus/ros/arm_planner/srv/Gripper.l, /home/agilex/MobileManipulator/devel/share/roseus/ros/arm_planner/srv/Gripper.l)
Linked: (/home/agilex/MobileManipulator/devel/.private/arm_planner/share/roseus/ros/arm_planner/srv/GoZero.l, /home/agilex/MobileManipulator/devel/share/roseus/ros/arm_planner/srv/GoZero.l)
Linked: (/home/agilex/MobileManipulator/devel/.private/arm_planner/share/roseus/ros/arm_planner/srv/Enable.l, /home/agilex/MobileManipulator/devel/share/roseus/ros/arm_planner/srv/Enable.l)
Linked: (/home/agilex/MobileManipulator/devel/.private/arm_planner/share/roseus/ros/arm_planner/msg/PiperEulerPose.l, /home/agilex/MobileManipulator/devel/share/roseus/ros/arm_planner/msg/PiperEulerPose.l)
Linked: (/home/agilex/MobileManipulator/devel/.private/arm_planner/share/roseus/ros/arm_planner/msg/PiperStatusMsg.l, /home/agilex/MobileManipulator/devel/share/roseus/ros/arm_planner/msg/PiperStatusMsg.l)
Linked: (/home/agilex/MobileManipulator/devel/.private/arm_planner/share/roseus/ros/arm_planner/msg/PosCmd.l, /home/agilex/MobileManipulator/devel/share/roseus/ros/arm_planner/msg/PosCmd.l)
Linked: (/home/agilex/MobileManipulator/devel/.private/arm_planner/lib/python3/dist-packages/arm_planner/__init__.py, /home/agilex/MobileManipulator/devel/lib/python3/dist-packages/arm_planner/__init__.py)
Linked: (/home/agilex/MobileManipulator/devel/.private/arm_planner/lib/python3/dist-packages/arm_planner/srv/_JointMoveitCtrl.py, /home/agilex/MobileManipulator/devel/lib/python3/dist-packages/arm_planner/srv/_JointMoveitCtrl.py)
Linked: (/home/agilex/MobileManipulator/devel/.private/arm_planner/lib/python3/dist-packages/arm_planner/srv/__init__.py, /home/agilex/MobileManipulator/devel/lib/python3/dist-packages/arm_planner/srv/__init__.py)
Linked: (/home/agilex/MobileManipulator/devel/.private/arm_planner/lib/python3/dist-packages/arm_planner/srv/_Enable.py, /home/agilex/MobileManipulator/devel/lib/python3/dist-packages/arm_planner/srv/_Enable.py)
Linked: (/home/agilex/MobileManipulator/devel/.private/arm_planner/lib/python3/dist-packages/arm_planner/srv/_Gripper.py, /home/agilex/MobileManipulator/devel/lib/python3/dist-packages/arm_planner/srv/_Gripper.py)
Linked: (/home/agilex/MobileManipulator/devel/.private/arm_planner/lib/python3/dist-packages/arm_planner/srv/_GoZero.py, /home/agilex/MobileManipulator/devel/lib/python3/dist-packages/arm_planner/srv/_GoZero.py)
Linked: (/home/agilex/MobileManipulator/devel/.private/arm_planner/lib/python3/dist-packages/arm_planner/msg/_PiperEulerPose.py, /home/agilex/MobileManipulator/devel/lib/python3/dist-packages/arm_planner/msg/_PiperEulerPose.py)
Linked: (/home/agilex/MobileManipulator/devel/.private/arm_planner/lib/python3/dist-packages/arm_planner/msg/__init__.py, /home/agilex/MobileManipulator/devel/lib/python3/dist-packages/arm_planner/msg/__init__.py)
Linked: (/home/agilex/MobileManipulator/devel/.private/arm_planner/lib/python3/dist-packages/arm_planner/msg/_PosCmd.py, /home/agilex/MobileManipulator/devel/lib/python3/dist-packages/arm_planner/msg/_PosCmd.py)
Linked: (/home/agilex/MobileManipulator/devel/.private/arm_planner/lib/python3/dist-packages/arm_planner/msg/_PiperStatusMsg.py, /home/agilex/MobileManipulator/devel/lib/python3/dist-packages/arm_planner/msg/_PiperStatusMsg.py)
Linked: (/home/agilex/MobileManipulator/devel/.private/arm_planner/lib/arm_planner/launch_status_info.py, /home/agilex/MobileManipulator/devel/lib/arm_planner/launch_status_info.py)
Linked: (/home/agilex/MobileManipulator/devel/.private/arm_planner/lib/arm_planner/follow_joint_trajectory_server.py, /home/agilex/MobileManipulator/devel/lib/arm_planner/follow_joint_trajectory_server.py)
Linked: (/home/agilex/MobileManipulator/devel/.private/arm_planner/lib/arm_planner/joint_moveit_ctrl_server.py, /home/agilex/MobileManipulator/devel/lib/arm_planner/joint_moveit_ctrl_server.py)
Linked: (/home/agilex/MobileManipulator/devel/.private/arm_planner/lib/pkgconfig/arm_planner.pc, /home/agilex/MobileManipulator/devel/lib/pkgconfig/arm_planner.pc)
Linked: (/home/agilex/MobileManipulator/devel/.private/arm_planner/include/arm_planner/PosCmd.h, /home/agilex/MobileManipulator/devel/include/arm_planner/PosCmd.h)
Linked: (/home/agilex/MobileManipulator/devel/.private/arm_planner/include/arm_planner/EnableRequest.h, /home/agilex/MobileManipulator/devel/include/arm_planner/EnableRequest.h)
Linked: (/home/agilex/MobileManipulator/devel/.private/arm_planner/include/arm_planner/GoZeroRequest.h, /home/agilex/MobileManipulator/devel/include/arm_planner/GoZeroRequest.h)
Linked: (/home/agilex/MobileManipulator/devel/.private/arm_planner/include/arm_planner/EnableResponse.h, /home/agilex/MobileManipulator/devel/include/arm_planner/EnableResponse.h)
Linked: (/home/agilex/MobileManipulator/devel/.private/arm_planner/include/arm_planner/PiperEulerPose.h, /home/agilex/MobileManipulator/devel/include/arm_planner/PiperEulerPose.h)
Linked: (/home/agilex/MobileManipulator/devel/.private/arm_planner/include/arm_planner/GoZero.h, /home/agilex/MobileManipulator/devel/include/arm_planner/GoZero.h)
Linked: (/home/agilex/MobileManipulator/devel/.private/arm_planner/include/arm_planner/JointMoveitCtrlRequest.h, /home/agilex/MobileManipulator/devel/include/arm_planner/JointMoveitCtrlRequest.h)
Linked: (/home/agilex/MobileManipulator/devel/.private/arm_planner/include/arm_planner/JointMoveitCtrl.h, /home/agilex/MobileManipulator/devel/include/arm_planner/JointMoveitCtrl.h)
Linked: (/home/agilex/MobileManipulator/devel/.private/arm_planner/include/arm_planner/Gripper.h, /home/agilex/MobileManipulator/devel/include/arm_planner/Gripper.h)
Linked: (/home/agilex/MobileManipulator/devel/.private/arm_planner/include/arm_planner/GripperRequest.h, /home/agilex/MobileManipulator/devel/include/arm_planner/GripperRequest.h)
Linked: (/home/agilex/MobileManipulator/devel/.private/arm_planner/include/arm_planner/GoZeroResponse.h, /home/agilex/MobileManipulator/devel/include/arm_planner/GoZeroResponse.h)
Linked: (/home/agilex/MobileManipulator/devel/.private/arm_planner/include/arm_planner/JointMoveitCtrlResponse.h, /home/agilex/MobileManipulator/devel/include/arm_planner/JointMoveitCtrlResponse.h)
Linked: (/home/agilex/MobileManipulator/devel/.private/arm_planner/include/arm_planner/PiperStatusMsg.h, /home/agilex/MobileManipulator/devel/include/arm_planner/PiperStatusMsg.h)
Linked: (/home/agilex/MobileManipulator/devel/.private/arm_planner/include/arm_planner/Enable.h, /home/agilex/MobileManipulator/devel/include/arm_planner/Enable.h)
Linked: (/home/agilex/MobileManipulator/devel/.private/arm_planner/include/arm_planner/GripperResponse.h, /home/agilex/MobileManipulator/devel/include/arm_planner/GripperResponse.h)
