[  0%] Built target std_msgs_generate_messages_cpp
[  0%] Built target _arm_planner_generate_messages_check_deps_Enable
[  0%] Built target _arm_planner_generate_messages_check_deps_PiperStatusMsg
[  0%] Built target _arm_planner_generate_messages_check_deps_GoZero
[  0%] Built target geometry_msgs_generate_messages_cpp
[  0%] Built target _arm_planner_generate_messages_check_deps_PosCmd
[  0%] Built target _arm_planner_generate_messages_check_deps_PiperEulerPose
[  0%] Built target geometry_msgs_generate_messages_py
[  0%] Built target trajectory_msgs_generate_messages_cpp
[  0%] Built target std_msgs_generate_messages_py
[  0%] Built target _arm_planner_generate_messages_check_deps_Gripper
[  0%] Built target trajectory_msgs_generate_messages_py
[  0%] Built target std_msgs_generate_messages_eus
[  0%] Built target geometry_msgs_generate_messages_eus
[  0%] Built target trajectory_msgs_generate_messages_eus
[  0%] Built target _arm_planner_generate_messages_check_deps_JointMoveitCtrl
[  0%] Built target std_msgs_generate_messages_nodejs
[  0%] Built target geometry_msgs_generate_messages_nodejs
[  0%] Built target trajectory_msgs_generate_messages_nodejs
[  0%] Built target std_msgs_generate_messages_lisp
[ 18%] Built target arm_planner_generate_messages_cpp
[ 18%] Built target trajectory_msgs_generate_messages_lisp
[ 42%] Built target arm_planner_generate_messages_py
[ 63%] Built target arm_planner_generate_messages_eus
[ 63%] Built target geometry_msgs_generate_messages_lisp
[ 81%] Built target arm_planner_generate_messages_nodejs
[100%] Built target arm_planner_generate_messages_lisp
[100%] Built target arm_planner_generate_messages
