[35m[1mScanning dependencies of target _arm_planner_generate_messages_check_deps_ArmTrajectory[0m
[  0%] Built target _arm_planner_generate_messages_check_deps_ArmTrajectory
[35m[1mScanning dependencies of target sensor_msgs_generate_messages_cpp[0m
[35m[1mScanning dependencies of target std_msgs_generate_messages_cpp[0m
[35m[1mScanning dependencies of target trajectory_msgs_generate_messages_cpp[0m
[  0%] Built target sensor_msgs_generate_messages_cpp
[  0%] Built target std_msgs_generate_messages_cpp
[  0%] Built target trajectory_msgs_generate_messages_cpp
[35m[1mScanning dependencies of target geometry_msgs_generate_messages_cpp[0m
[35m[1mScanning dependencies of target std_msgs_generate_messages_lisp[0m
[35m[1mScanning dependencies of target trajectory_msgs_generate_messages_lisp[0m
[  0%] Built target geometry_msgs_generate_messages_cpp
[  0%] Built target trajectory_msgs_generate_messages_lisp
[  0%] Built target std_msgs_generate_messages_lisp
[35m[1mScanning dependencies of target geometry_msgs_generate_messages_lisp[0m
[35m[1mScanning dependencies of target sensor_msgs_generate_messages_nodejs[0m
[35m[1mScanning dependencies of target sensor_msgs_generate_messages_lisp[0m
[  0%] Built target sensor_msgs_generate_messages_nodejs
[  0%] Built target geometry_msgs_generate_messages_lisp
[35m[1mScanning dependencies of target geometry_msgs_generate_messages_nodejs[0m
[35m[1mScanning dependencies of target std_msgs_generate_messages_nodejs[0m
[  0%] Built target sensor_msgs_generate_messages_lisp
[  0%] Built target geometry_msgs_generate_messages_nodejs
[  0%] Built target std_msgs_generate_messages_nodejs
[35m[1mScanning dependencies of target trajectory_msgs_generate_messages_nodejs[0m
[35m[1mScanning dependencies of target sensor_msgs_generate_messages_eus[0m
[35m[1mScanning dependencies of target std_msgs_generate_messages_eus[0m
[  0%] Built target trajectory_msgs_generate_messages_nodejs
[  0%] Built target sensor_msgs_generate_messages_eus
[  0%] Built target std_msgs_generate_messages_eus
[35m[1mScanning dependencies of target geometry_msgs_generate_messages_eus[0m
[35m[1mScanning dependencies of target trajectory_msgs_generate_messages_eus[0m
[  0%] Built target geometry_msgs_generate_messages_eus
[35m[1mScanning dependencies of target trajectory_msgs_generate_messages_py[0m
[  0%] Built target trajectory_msgs_generate_messages_eus
[35m[1mScanning dependencies of target std_msgs_generate_messages_py[0m
[  0%] Built target trajectory_msgs_generate_messages_py
[35m[1mScanning dependencies of target geometry_msgs_generate_messages_py[0m
[  0%] Built target std_msgs_generate_messages_py
[35m[1mScanning dependencies of target sensor_msgs_generate_messages_py[0m
[  0%] Built target geometry_msgs_generate_messages_py
[35m[1mScanning dependencies of target arm_planner_generate_messages_cpp[0m
[  0%] Built target sensor_msgs_generate_messages_py
[35m[1mScanning dependencies of target arm_planner_generate_messages_lisp[0m
[35m[1mScanning dependencies of target arm_planner_generate_messages_nodejs[0m
[35m[1mScanning dependencies of target arm_planner_generate_messages_eus[0m
[ 14%] [34m[1mGenerating C++ code from arm_planner/ArmTrajectory.msg[0m
[ 28%] [34m[1mGenerating Lisp code from arm_planner/ArmTrajectory.msg[0m
[ 42%] [34m[1mGenerating Javascript code from arm_planner/ArmTrajectory.msg[0m
[ 57%] [34m[1mGenerating EusLisp code from arm_planner/ArmTrajectory.msg[0m
[ 57%] Built target arm_planner_generate_messages_lisp
[ 57%] Built target arm_planner_generate_messages_cpp
[35m[1mScanning dependencies of target arm_planner_generate_messages_py[0m
[ 57%] Built target arm_planner_generate_messages_nodejs
[ 85%] [34m[1mGenerating EusLisp manifest code for arm_planner[0m
[ 85%] [34m[1mGenerating Python from MSG arm_planner/ArmTrajectory[0m
[100%] [34m[1mGenerating Python msg __init__.py for arm_planner[0m
[100%] Built target arm_planner_generate_messages_py
[100%] Built target arm_planner_generate_messages_eus
[35m[1mScanning dependencies of target arm_planner_generate_messages[0m
[100%] Built target arm_planner_generate_messages
